<?xml version="1.0" encoding="UTF-8"?>
<!-- Generated by org.testng.reporters.JUnitReportReporter -->
<testsuite hostname="AbhishekMS" failures="0" tests="1" name="parameters.QueryParameterTest" time="3.377" errors="0" timestamp="2022-05-11T15:22:22 IST" skipped="0">
  <testcase classname="parameters.QueryParameterTest" name="queryParameterTest" time="3.377"/>
  <system-out/>
</testsuite> <!-- parameters.QueryParameterTest -->
