<?xml version="1.0" encoding="UTF-8"?>
<!-- Generated by org.testng.reporters.JUnitReportReporter -->
<testsuite hostname="AbhishekMS" failures="0" tests="1" name="practiceCRUDwithoutBDD.CreateProjectTest" time="7.714" errors="0" timestamp="2022-05-05T15:31:49 IST" skipped="0">
  <testcase classname="practiceCRUDwithoutBDD.CreateProjectTest" name="createProjectTest" time="7.714"/>
  <system-out/>
</testsuite> <!-- practiceCRUDwithoutBDD.CreateProjectTest -->
