<?xml version="1.0" encoding="UTF-8"?>
<!-- Generated by org.testng.reporters.JUnitReportReporter -->
<testsuite hostname="AbhishekMS" failures="0" tests="1" name="responseValidation.StaticResponse" time="3.708" errors="0" timestamp="2022-05-10T16:08:51 IST" skipped="0">
  <testcase classname="responseValidation.StaticResponse" name="staticResponse" time="3.708"/>
  <system-out/>
</testsuite> <!-- responseValidation.StaticResponse -->
