<?xml version="1.0" encoding="UTF-8"?>
<!-- Generated by org.testng.reporters.JUnitReportReporter -->
<testsuite hostname="AbhishekMS" failures="0" tests="1" name="requestChaining.RequestChainingCreateAndGet" time="4.598" errors="0" timestamp="2022-05-11T15:59:36 IST" skipped="0">
  <testcase classname="requestChaining.RequestChainingCreateAndGet" name="createDataAndGet" time="4.598"/>
  <system-out/>
</testsuite> <!-- requestChaining.RequestChainingCreateAndGet -->
