<?xml version="1.0" encoding="UTF-8"?>
<!-- Generated by org.testng.reporters.JUnitReportReporter -->
<testsuite hostname="AbhishekMS" failures="0" tests="1" name="differentWaysToPost.CreateProjectUsingPOJOClass" time="3.627" errors="0" timestamp="2022-05-09T17:00:14 IST" skipped="0">
  <testcase classname="differentWaysToPost.CreateProjectUsingPOJOClass" name="createProject" time="3.627"/>
  <system-out/>
</testsuite> <!-- differentWaysToPost.CreateProjectUsingPOJOClass -->
