<?xml version="1.0" encoding="UTF-8"?>
<!-- Generated by org.testng.reporters.JUnitReportReporter -->
<testsuite hostname="AbhishekMS" failures="0" tests="1" name="practiceCRUDwithBDD.CreateProject" time="3.546" errors="0" timestamp="2022-05-05T17:51:45 IST" skipped="0">
  <testcase classname="practiceCRUDwithBDD.CreateProject" name="createProject" time="3.546"/>
  <system-out/>
</testsuite> <!-- practiceCRUDwithBDD.CreateProject -->
