<?xml version="1.0" encoding="UTF-8"?>
<!-- Generated by org.testng.reporters.JUnitReportReporter -->
<testsuite hostname="AbhishekMS" failures="0" tests="1" name="practiceCRUDwithoutBDD.UpdateProject" time="3.373" errors="0" timestamp="2022-05-05T16:21:21 IST" skipped="0">
  <testcase classname="practiceCRUDwithoutBDD.UpdateProject" name="updateproject" time="3.373"/>
  <system-out/>
</testsuite> <!-- practiceCRUDwithoutBDD.UpdateProject -->
