<?xml version="1.0" encoding="UTF-8"?>
<!-- Generated by org.testng.reporters.JUnitReportReporter -->
<testsuite hostname="AbhishekMS" failures="0" tests="1" name="practiceCRUDwithBDD.GetAllProjects" time="3.630" errors="0" timestamp="2022-05-09T13:16:33 IST" skipped="0">
  <testcase classname="practiceCRUDwithBDD.GetAllProjects" name="getallprojects" time="3.630"/>
  <system-out/>
</testsuite> <!-- practiceCRUDwithBDD.GetAllProjects -->
