<?xml version="1.0" encoding="UTF-8"?>
<!-- Generated by org.testng.reporters.JUnitReportReporter -->
<testsuite hostname="AbhishekMS" failures="0" tests="1" name="responseValidation.DynamicResponse" time="3.468" errors="0" timestamp="2022-05-10T16:35:38 IST" skipped="0">
  <testcase classname="responseValidation.DynamicResponse" name="dynamicResponse" time="3.468"/>
  <system-out/>
</testsuite> <!-- responseValidation.DynamicResponse -->
