<?xml version="1.0" encoding="UTF-8"?>
<!-- Generated by org.testng.reporters.JUnitReportReporter -->
<testsuite hostname="AbhishekMS" failures="0" tests="1" name="responseValidation.DynamicResponseWithPost" time="4.016" errors="0" timestamp="2022-05-10T17:11:37 IST" skipped="0">
  <testcase classname="responseValidation.DynamicResponseWithPost" name="dynamicResponsePost" time="4.016"/>
  <system-out/>
</testsuite> <!-- responseValidation.DynamicResponseWithPost -->
