<?xml version="1.0" encoding="UTF-8"?>
<!-- Generated by org.testng.reporters.JUnitReportReporter -->
<testsuite hostname="AbhishekMS" failures="0" tests="3" name="dataDriventestingUsingRestAssured.CreateMultipleProjects" time="4.408" errors="0" timestamp="2022-05-11T14:59:12 IST" skipped="0">
  <testcase classname="dataDriventestingUsingRestAssured.CreateMultipleProjects" name="createMultipleProjects" time="4.195"/>
  <system-out/>
  <testcase classname="dataDriventestingUsingRestAssured.CreateMultipleProjects" name="createMultipleProjects" time="0.091"/>
  <system-out/>
  <testcase classname="dataDriventestingUsingRestAssured.CreateMultipleProjects" name="createMultipleProjects" time="0.122"/>
  <system-out/>
</testsuite> <!-- dataDriventestingUsingRestAssured.CreateMultipleProjects -->
