<?xml version="1.0" encoding="UTF-8"?>
<!-- Generated by org.testng.reporters.JUnitReportReporter -->
<testsuite hostname="AbhishekMS" failures="0" tests="1" name="practiceCRUDwithoutBDD.DeleteProjectTest" time="2.727" errors="0" timestamp="2022-05-05T16:29:15 IST" skipped="0">
  <testcase classname="practiceCRUDwithoutBDD.DeleteProjectTest" name="deleteaProject" time="2.727"/>
  <system-out/>
</testsuite> <!-- practiceCRUDwithoutBDD.DeleteProjectTest -->
