<?xml version="1.0" encoding="UTF-8"?>
<!-- Generated by org.testng.reporters.JUnitReportReporter -->
<testsuite hostname="AbhishekMS" failures="0" tests="1" name="differentWaysToPost.CreateUsingJSONfile" time="3.048" errors="0" timestamp="2022-05-09T16:38:39 IST" skipped="0">
  <testcase classname="differentWaysToPost.CreateUsingJSONfile" name="postusingJSONobject" time="3.048"/>
  <system-out/>
</testsuite> <!-- differentWaysToPost.CreateUsingJSONfile -->
