<?xml version="1.0" encoding="UTF-8"?>
<!-- Generated by org.testng.reporters.JUnitReportReporter -->
<testsuite hostname="AbhishekMS" failures="0" tests="1" name="ResponseTimeValidation.ResponseTimeValidationUsingHamcrest" time="2.881" errors="0" timestamp="2022-05-11T12:14:43 IST" skipped="0">
  <testcase classname="ResponseTimeValidation.ResponseTimeValidationUsingHamcrest" name="ResponseTimeValidation" time="2.881"/>
  <system-out/>
</testsuite> <!-- ResponseTimeValidation.ResponseTimeValidationUsingHamcrest -->
