<?xml version="1.0" encoding="UTF-8"?>
<!-- Generated by org.testng.reporters.JUnitReportReporter -->
<testsuite hostname="AbhishekMS" failures="0" tests="1" name="practiceCRUDwithoutBDD.GetAproject" time="2.604" errors="0" timestamp="2022-05-05T16:19:40 IST" skipped="0">
  <testcase classname="practiceCRUDwithoutBDD.GetAproject" name="getAsingleProject" time="2.604"/>
  <system-out/>
</testsuite> <!-- practiceCRUDwithoutBDD.GetAproject -->
