<?xml version="1.0" encoding="UTF-8"?>
<!-- Generated by org.testng.reporters.JUnitReportReporter -->
<testsuite hostname="AbhishekMS" failures="0" tests="1" name="differentWaysToPost.CreateUsingHashMap" time="4.853" errors="0" timestamp="2022-05-09T15:52:18 IST" skipped="0">
  <testcase classname="differentWaysToPost.CreateUsingHashMap" name="postUsingHashMap" time="4.853"/>
  <system-out/>
</testsuite> <!-- differentWaysToPost.CreateUsingHashMap -->
