<?xml version="1.0" encoding="UTF-8"?>
<!-- Generated by org.testng.reporters.JUnitReportReporter -->
<testsuite hostname="AbhishekMS" failures="0" tests="1" name="requestChaining.RequestChainingCreateAndDelete" time="6.584" errors="0" timestamp="2022-05-11T17:05:11 IST" skipped="0">
  <testcase classname="requestChaining.RequestChainingCreateAndDelete" name="createDataAndUpdate" time="6.584"/>
  <system-out/>
</testsuite> <!-- requestChaining.RequestChainingCreateAndDelete -->
