<?xml version="1.0" encoding="UTF-8"?>
<!-- Generated by org.testng.reporters.JUnitReportReporter -->
<testsuite hostname="AbhishekMS" failures="0" tests="1" name="requestChaining.RequestChainingCreateAndUpdateReq" time="5.222" errors="0" timestamp="2022-05-11T17:11:53 IST" skipped="0">
  <testcase classname="requestChaining.RequestChainingCreateAndUpdateReq" name="createDataAndUpdate" time="5.222"/>
  <system-out/>
</testsuite> <!-- requestChaining.RequestChainingCreateAndUpdateReq -->
