<?xml version="1.0" encoding="UTF-8"?>
<!-- Generated by org.testng.reporters.JUnitReportReporter -->
<testsuite hostname="AbhishekMS" failures="0" tests="1" name="practiceCRUDwithBDD.GetAllProjectsTest" time="2.719" errors="0" timestamp="2022-05-11T15:06:35 IST" skipped="0">
  <testcase classname="practiceCRUDwithBDD.GetAllProjectsTest" name="getallprojects" time="2.719"/>
  <system-out/>
</testsuite> <!-- practiceCRUDwithBDD.GetAllProjectsTest -->
