<?xml version="1.0" encoding="UTF-8"?>
<!-- Generated by org.testng.reporters.JUnitReportReporter -->
<testsuite hostname="AbhishekMS" failures="0" tests="1" name="practiceCRUDwithBDD.GetAprojectTest" time="2.714" errors="0" timestamp="2022-05-09T14:31:56 IST" skipped="0">
  <testcase classname="practiceCRUDwithBDD.GetAprojectTest" name="getAProject" time="2.714"/>
  <system-out/>
</testsuite> <!-- practiceCRUDwithBDD.GetAprojectTest -->
