<?xml version="1.0" encoding="UTF-8"?>
<!-- Generated by org.testng.reporters.JUnitReportReporter -->
<testsuite hostname="AbhishekMS" failures="0" tests="1" name="parameters.PathParameter" time="2.750" errors="0" timestamp="2022-05-11T15:10:26 IST" skipped="0">
  <testcase classname="parameters.PathParameter" name="pathParameterTest" time="2.750"/>
  <system-out/>
</testsuite> <!-- parameters.PathParameter -->
