<?xml version="1.0" encoding="UTF-8"?>
<!-- Generated by org.testng.reporters.JUnitReportReporter -->
<testsuite hostname="AbhishekMS" failures="0" tests="1" name="practiceCRUDwithBDD.GetAproject" time="2.801" errors="0" timestamp="2022-05-09T13:27:23 IST" skipped="0">
  <testcase classname="practiceCRUDwithBDD.GetAproject" name="getAProject" time="2.801"/>
  <system-out/>
</testsuite> <!-- practiceCRUDwithBDD.GetAproject -->
