<?xml version="1.0" encoding="UTF-8"?>
<!-- Generated by org.testng.reporters.JUnitReportReporter -->
<testsuite hostname="AbhishekMS" failures="0" tests="1" name="practiceCRUDwithBDD.UpdateProjectTest" time="3.639" errors="0" timestamp="2022-05-11T16:33:45 IST" skipped="0">
  <testcase classname="practiceCRUDwithBDD.UpdateProjectTest" name="updateAProject" time="3.639"/>
  <system-out/>
</testsuite> <!-- practiceCRUDwithBDD.UpdateProjectTest -->
