<?xml version="1.0" encoding="UTF-8"?>
<!-- Generated by org.testng.reporters.JUnitReportReporter -->
<testsuite hostname="AbhishekMS" failures="0" tests="1" name="practiceCRUDwithBDD.CreateProjectTest" time="3.335" errors="0" timestamp="2022-05-11T16:22:22 IST" skipped="0">
  <testcase classname="practiceCRUDwithBDD.CreateProjectTest" name="createProject" time="3.335"/>
  <system-out/>
</testsuite> <!-- practiceCRUDwithBDD.CreateProjectTest -->
