<?xml version="1.0" encoding="UTF-8"?>
<!-- Generated by org.testng.reporters.JUnitReportReporter -->
<testsuite hostname="AbhishekMS" failures="0" tests="1" name="requestChaining.RequestChainingCreateAndUpdate" time="4.629" errors="0" timestamp="2022-05-11T16:47:27 IST" skipped="0">
  <testcase classname="requestChaining.RequestChainingCreateAndUpdate" name="createDataAndUpdate" time="4.629"/>
  <system-out/>
</testsuite> <!-- requestChaining.RequestChainingCreateAndUpdate -->
