<?xml version="1.0" encoding="UTF-8"?>
<!-- Generated by org.testng.reporters.JUnitReportReporter -->
<testsuite hostname="AbhishekMS" failures="0" tests="1" name="practiceCRUDwithoutBDD.GetAllProjects" time="2.942" errors="0" timestamp="2022-05-05T15:53:48 IST" skipped="0">
  <testcase classname="practiceCRUDwithoutBDD.GetAllProjects" name="getAllProjects" time="2.942"/>
  <system-out/>
</testsuite> <!-- practiceCRUDwithoutBDD.GetAllProjects -->
