<?xml version="1.0" encoding="UTF-8"?>
<!-- Generated by org.testng.reporters.JUnitReportReporter -->
<testsuite hostname="AbhishekMS" failures="0" tests="1" name="differentWaysToPost.CreateUsingJSONObject" time="3.253" errors="0" timestamp="2022-05-09T15:58:37 IST" skipped="0">
  <testcase classname="differentWaysToPost.CreateUsingJSONObject" name="postusingJSONobject" time="3.253"/>
  <system-out/>
</testsuite> <!-- differentWaysToPost.CreateUsingJSONObject -->
